<?xml version="1.0" encoding="UTF-8"?>
<!-- Generated by org.testng.reporters.JUnitReportReporter -->
<testsuite skipped="0" hostname="LAPTOP-A8332NNU" name="com.Naveen.GitRepositoryDemo.tests.LoginTest" tests="1" failures="0" timestamp="30 Jun 2018 11:05:41 GMT" time="0.029" errors="0">
  <testcase name="test" time="0.029" classname="com.Naveen.GitRepositoryDemo.tests.LoginTest"/>
</testsuite> <!-- com.Naveen.GitRepositoryDemo.tests.LoginTest -->
