<?xml version="1.0" encoding="UTF-8"?>
<!-- Generated by org.testng.reporters.JUnitReportReporter -->
<testsuite skipped="0" hostname="LAPTOP-A8332NNU" name="com.Naveen.GitRepositoryDemo.tests.LoginTest" tests="1" failures="0" timestamp="02 Jul 2018 04:59:43 GMT" time="0.016" errors="0">
  <testcase name="test" time="0.016" classname="com.Naveen.GitRepositoryDemo.tests.LoginTest"/>
</testsuite> <!-- com.Naveen.GitRepositoryDemo.tests.LoginTest -->
